2025-07-03 19:03:27,905 - INFO - Starting Jetscan system...
2025-07-03 19:03:27,942 - INFO - Starting camera thread...
2025-07-03 19:03:27,958 - INFO - Starting IMU thread...
[0:00:59.900466017] [1312] [1;32m INFO [1;37mCamera [1;34mcamera_manager.cpp:326 [0mlibcamera v0.5.0+59-d83ff0a4
[0:01:00.231791903] [1313] [1;33m WARN [1;37mRPiSdn [1;34msdn.cpp:40 [0mUsing legacy SDN tuning - please consider moving SDN inside rpi.denoise
[0:01:00.260965861] [1313] [1;32m INFO [1;37mRPI [1;34mvc4.cpp:447 [0mRegistered camera /base/soc/i2c0mux/i2c@1/ov5647@36 to Unicam device /dev/media1 and ISP device /dev/media0
[0:01:00.261121382] [1313] [1;32m INFO [1;37mRPI [1;34mpipeline_base.cpp:1121 [0mUsing configuration file '/usr/share/libcamera/pipeline/rpi/vc4/rpi_apps.yaml'
2025-07-03 19:03:28,500 - INFO - Initialization successful.
2025-07-03 19:03:28,501 - INFO - Camera now open.
[0:01:00.363665444] [1312] [1;32m INFO [1;37mCamera [1;34mcamera.cpp:1205 [0mconfiguring streams: (0) 1920x1080-XBGR8888 (1) 1920x1080-SGBRG10_CSI2P
[0:01:00.364552840] [1313] [1;32m INFO [1;37mRPI [1;34mvc4.cpp:622 [0mSensor: /base/soc/i2c0mux/i2c@1/ov5647@36 - Selected sensor format: 1920x1080-SGBRG10_1X10 - Selected unicam format: 1920x1080-pGAA
2025-07-03 19:03:28,556 - INFO - Configuration successful!
2025-07-03 19:03:28,734 - INFO - Starting web server thread...
2025-07-03 19:03:28,758 - INFO - Starting display thread...
2025-07-03 19:03:28,999 - INFO - Camera started
[0:01:19.630490393] [1313] [1;33m WARN [1;37mV4L2 [1;34mv4l2_videodevice.cpp:2150 [0;32m/dev/video0[19:cap]: [0mDequeue timer of 1000000.00us has expired!
[0:01:20.454306620] [1313] [1;31mERROR [1;37mRPI [1;34mpipeline_base.cpp:1358 [0mCamera frontend has timed out!
[0:01:20.454467554] [1313] [1;31mERROR [1;37mRPI [1;34mpipeline_base.cpp:1359 [0mPlease check that your camera sensor connector is attached securely.
[0:01:20.454510835] [1313] [1;31mERROR [1;37mRPI [1;34mpipeline_base.cpp:1360 [0mAlternatively, try another cable and/or sensor.
2025-07-03 19:04:28,319 - INFO - Starting Jetscan system...
2025-07-03 19:04:28,577 - INFO - Starting camera thread...
2025-07-03 19:04:28,596 - INFO - Starting IMU thread...
[0:02:00.590238424] [1745] [1;32m INFO [1;37mCamera [1;34mcamera_manager.cpp:326 [0mlibcamera v0.5.0+59-d83ff0a4
[0:02:02.831510193] [1746] [1;33m WARN [1;37mRPiSdn [1;34msdn.cpp:40 [0mUsing legacy SDN tuning - please consider moving SDN inside rpi.denoise
[0:02:02.854146782] [1746] [1;32m INFO [1;37mRPI [1;34mvc4.cpp:447 [0mRegistered camera /base/soc/i2c0mux/i2c@1/ov5647@36 to Unicam device /dev/media1 and ISP device /dev/media0
[0:02:02.861711409] [1746] [1;32m INFO [1;37mRPI [1;34mpipeline_base.cpp:1121 [0mUsing configuration file '/usr/share/libcamera/pipeline/rpi/vc4/rpi_apps.yaml'
2025-07-03 19:04:31,170 - INFO - Initialization successful.
[0:02:02.991534336] [1745] [1;32m INFO [1;37mCamera [1;34mcamera.cpp:1011 [0mPipeline handler in use by another process
2025-07-03 19:04:31,207 - ERROR - Camera __init__ sequence did not complete.
2025-07-03 19:04:31,426 - INFO - Starting web server thread...
Bottle v0.12.23 server starting up (using WSGIRefServer())...
2025-07-03 19:04:31,429 - INFO - Starting display thread...
Listening on http://0.0.0.0:8080/
Hit Ctrl-C to quit.

192.168.0.18 - - [03/Jul/2025 19:04:36] "GET / HTTP/1.1" 200 20534
192.168.0.18 - - [03/Jul/2025 19:04:37] "GET / HTTP/1.1" 200 20534
192.168.0.18 - - [03/Jul/2025 19:04:37] "GET / HTTP/1.1" 200 20533
192.168.0.18 - - [03/Jul/2025 19:04:37] "GET /api/status HTTP/1.1" 200 281
192.168.0.18 - - [03/Jul/2025 19:04:42] "GET /api/status HTTP/1.1" 200 283
192.168.0.18 - - [03/Jul/2025 19:04:47] "GET /api/status HTTP/1.1" 200 282
192.168.0.18 - - [03/Jul/2025 19:04:52] "GET /api/status HTTP/1.1" 200 281
192.168.0.18 - - [03/Jul/2025 19:04:57] "GET /api/status HTTP/1.1" 200 282
192.168.0.18 - - [03/Jul/2025 19:05:02] "GET /api/status HTTP/1.1" 200 283
192.168.0.18 - - [03/Jul/2025 19:05:07] "GET /api/status HTTP/1.1" 200 282
192.168.0.18 - - [03/Jul/2025 19:05:12] "GET /api/status HTTP/1.1" 200 282
192.168.0.18 - - [03/Jul/2025 19:05:17] "GET /api/status HTTP/1.1" 200 282
192.168.0.18 - - [03/Jul/2025 19:05:22] "GET /api/status HTTP/1.1" 200 280
192.168.0.18 - - [03/Jul/2025 19:05:27] "GET /api/status HTTP/1.1" 200 279
192.168.0.18 - - [03/Jul/2025 19:05:32] "GET /api/status HTTP/1.1" 200 281
192.168.0.18 - - [03/Jul/2025 19:05:37] "GET /api/status HTTP/1.1" 200 280
192.168.0.18 - - [03/Jul/2025 19:05:42] "GET /api/status HTTP/1.1" 200 280
192.168.0.18 - - [03/Jul/2025 19:05:47] "GET /api/status HTTP/1.1" 200 282
192.168.0.18 - - [03/Jul/2025 19:05:51] "POST /set_pwm HTTP/1.1" 303 0
192.168.0.18 - - [03/Jul/2025 19:05:51] "GET / HTTP/1.1" 200 20533
192.168.0.18 - - [03/Jul/2025 19:05:52] "GET /api/status HTTP/1.1" 200 280
192.168.0.18 - - [03/Jul/2025 19:05:57] "GET /api/status HTTP/1.1" 200 281
192.168.0.18 - - [03/Jul/2025 19:06:01] "POST /set_pwm HTTP/1.1" 303 0
192.168.0.18 - - [03/Jul/2025 19:06:01] "GET / HTTP/1.1" 200 20533
192.168.0.18 - - [03/Jul/2025 19:06:02] "GET /api/status HTTP/1.1" 200 281
192.168.0.18 - - [03/Jul/2025 19:06:07] "GET /api/status HTTP/1.1" 200 281
192.168.0.18 - - [03/Jul/2025 19:06:12] "GET /api/status HTTP/1.1" 200 280
192.168.0.18 - - [03/Jul/2025 19:06:17] "GET /api/status HTTP/1.1" 200 282
192.168.0.18 - - [03/Jul/2025 19:06:22] "GET /api/status HTTP/1.1" 200 281
192.168.0.18 - - [03/Jul/2025 19:06:27] "GET /api/status HTTP/1.1" 200 281
192.168.0.18 - - [03/Jul/2025 19:06:32] "GET /api/status HTTP/1.1" 200 282
192.168.0.18 - - [03/Jul/2025 19:06:37] "GET /api/status HTTP/1.1" 200 282
192.168.0.18 - - [03/Jul/2025 19:06:42] "GET /api/status HTTP/1.1" 200 282
192.168.0.18 - - [03/Jul/2025 19:06:47] "GET /api/status HTTP/1.1" 200 283
192.168.0.18 - - [03/Jul/2025 19:06:52] "GET /api/status HTTP/1.1" 200 283
192.168.0.18 - - [03/Jul/2025 19:06:57] "GET /api/status HTTP/1.1" 200 282
192.168.0.18 - - [03/Jul/2025 19:07:02] "GET /api/status HTTP/1.1" 200 281
192.168.0.18 - - [03/Jul/2025 19:07:07] "GET /api/status HTTP/1.1" 200 280
192.168.0.18 - - [03/Jul/2025 19:07:12] "GET /api/status HTTP/1.1" 200 282
192.168.0.18 - - [03/Jul/2025 19:07:17] "GET /api/status HTTP/1.1" 200 285
192.168.0.18 - - [03/Jul/2025 19:07:22] "GET /api/status HTTP/1.1" 200 281
192.168.0.18 - - [03/Jul/2025 19:07:27] "GET /api/status HTTP/1.1" 200 282
192.168.0.18 - - [03/Jul/2025 19:07:32] "GET /api/status HTTP/1.1" 200 281
192.168.0.18 - - [03/Jul/2025 19:07:37] "GET /api/status HTTP/1.1" 200 282
192.168.0.18 - - [03/Jul/2025 19:07:42] "GET /api/status HTTP/1.1" 200 281
192.168.0.18 - - [03/Jul/2025 19:07:47] "GET /api/status HTTP/1.1" 200 280
192.168.0.18 - - [03/Jul/2025 19:07:52] "GET /api/status HTTP/1.1" 200 281
192.168.0.18 - - [03/Jul/2025 19:07:57] "GET /api/status HTTP/1.1" 200 281
192.168.0.18 - - [03/Jul/2025 19:08:02] "GET /api/status HTTP/1.1" 200 281
192.168.0.18 - - [03/Jul/2025 19:08:07] "GET /api/status HTTP/1.1" 200 282
192.168.0.18 - - [03/Jul/2025 19:08:12] "GET /api/status HTTP/1.1" 200 282
192.168.0.18 - - [03/Jul/2025 19:08:17] "GET /api/status HTTP/1.1" 200 281
192.168.0.18 - - [03/Jul/2025 19:08:22] "GET /api/status HTTP/1.1" 200 282
2025-07-03 19:08:25,265 - INFO - Shutdown signal received, cleaning up...
2025-07-03 19:08:27,329 - INFO - Shutdown complete
192.168.0.18 - - [03/Jul/2025 19:08:27] "GET /api/status HTTP/1.1" 200 282
[Camera] Initialization failed: Camera __init__ sequence did not complete.
Starting Jetscan Display System...
2025-07-03 19:08:32,645 - INFO - Camera stopped
2025-07-03 19:08:33,382 - INFO - Camera started
2025-07-03 19:12:03,171 - INFO - Starting Jetscan system...
2025-07-03 19:12:03,182 - INFO - Starting camera thread...
2025-07-03 19:12:03,196 - INFO - Starting IMU thread...
[0:00:53.552831228] [1307] [1;32m INFO [1;37mCamera [1;34mcamera_manager.cpp:326 [0mlibcamera v0.5.0+59-d83ff0a4
[0:00:53.780287582] [1308] [1;33m WARN [1;37mRPiSdn [1;34msdn.cpp:40 [0mUsing legacy SDN tuning - please consider moving SDN inside rpi.denoise
[0:00:53.790849613] [1308] [1;32m INFO [1;37mRPI [1;34mvc4.cpp:447 [0mRegistered camera /base/soc/i2c0mux/i2c@1/ov5647@36 to Unicam device /dev/media0 and ISP device /dev/media2
[0:00:53.791137061] [1308] [1;32m INFO [1;37mRPI [1;34mpipeline_base.cpp:1121 [0mUsing configuration file '/usr/share/libcamera/pipeline/rpi/vc4/rpi_apps.yaml'
2025-07-03 19:12:03,574 - INFO - Initialization successful.
2025-07-03 19:12:03,575 - INFO - Camera now open.
[0:00:53.847760551] [1307] [1;32m INFO [1;37mCamera [1;34mcamera.cpp:1205 [0mconfiguring streams: (0) 1920x1080-XBGR8888 (1) 1920x1080-SGBRG10_CSI2P
[0:00:53.848629874] [1308] [1;32m INFO [1;37mRPI [1;34mvc4.cpp:622 [0mSensor: /base/soc/i2c0mux/i2c@1/ov5647@36 - Selected sensor format: 1920x1080-SGBRG10_1X10 - Selected unicam format: 1920x1080-pGAA
2025-07-03 19:12:03,616 - INFO - Configuration successful!
2025-07-03 19:12:03,843 - INFO - Starting web server thread...
2025-07-03 19:12:03,859 - INFO - Starting display thread...
2025-07-03 19:12:05,112 - INFO - Camera started
2025-07-03 19:13:11,321 - INFO - Starting Jetscan system...
2025-07-03 19:13:11,340 - INFO - Starting camera thread...
2025-07-03 19:13:11,359 - INFO - Starting IMU thread...
[0:02:01.733999845] [1740] [1;32m INFO [1;37mCamera [1;34mcamera_manager.cpp:326 [0mlibcamera v0.5.0+59-d83ff0a4
[0:02:02.122919948] [1741] [1;33m WARN [1;37mRPiSdn [1;34msdn.cpp:40 [0mUsing legacy SDN tuning - please consider moving SDN inside rpi.denoise
[0:02:02.139295362] [1741] [1;32m INFO [1;37mRPI [1;34mvc4.cpp:447 [0mRegistered camera /base/soc/i2c0mux/i2c@1/ov5647@36 to Unicam device /dev/media0 and ISP device /dev/media2
[0:02:02.139718382] [1741] [1;32m INFO [1;37mRPI [1;34mpipeline_base.cpp:1121 [0mUsing configuration file '/usr/share/libcamera/pipeline/rpi/vc4/rpi_apps.yaml'
2025-07-03 19:13:11,941 - INFO - Initialization successful.
[0:02:02.184240472] [1740] [1;32m INFO [1;37mCamera [1;34mcamera.cpp:1011 [0mPipeline handler in use by another process
2025-07-03 19:13:11,959 - ERROR - Camera __init__ sequence did not complete.
2025-07-03 19:13:12,170 - INFO - Starting web server thread...
Bottle v0.12.23 server starting up (using WSGIRefServer())...
Listening on http://0.0.0.0:8080/
Hit Ctrl-C to quit.

2025-07-03 19:13:12,175 - INFO - Starting display thread...
192.168.0.18 - - [03/Jul/2025 19:13:35] "GET / HTTP/1.1" 200 20533
192.168.0.18 - - [03/Jul/2025 19:13:36] "GET /api/status HTTP/1.1" 200 283
192.168.0.18 - - [03/Jul/2025 19:13:41] "GET /api/status HTTP/1.1" 200 282
192.168.0.18 - - [03/Jul/2025 19:13:46] "GET /api/status HTTP/1.1" 200 282
192.168.0.18 - - [03/Jul/2025 19:13:51] "GET /api/status HTTP/1.1" 200 283
192.168.0.18 - - [03/Jul/2025 19:13:56] "GET /api/status HTTP/1.1" 200 283
192.168.0.18 - - [03/Jul/2025 19:14:01] "GET /api/status HTTP/1.1" 200 283
192.168.0.18 - - [03/Jul/2025 19:14:06] "GET /api/status HTTP/1.1" 200 283
192.168.0.18 - - [03/Jul/2025 19:14:11] "GET /api/status HTTP/1.1" 200 283
192.168.0.18 - - [03/Jul/2025 19:14:16] "GET /api/status HTTP/1.1" 200 283
192.168.0.18 - - [03/Jul/2025 19:14:21] "GET /api/status HTTP/1.1" 200 283
192.168.0.18 - - [03/Jul/2025 19:14:26] "GET /api/status HTTP/1.1" 200 281
192.168.0.18 - - [03/Jul/2025 19:14:31] "GET /api/status HTTP/1.1" 200 282
192.168.0.18 - - [03/Jul/2025 19:14:36] "GET /api/status HTTP/1.1" 200 284
192.168.0.18 - - [03/Jul/2025 19:14:41] "GET /api/status HTTP/1.1" 200 283
192.168.0.18 - - [03/Jul/2025 19:14:46] "GET /api/status HTTP/1.1" 200 284
192.168.0.18 - - [03/Jul/2025 19:14:51] "GET /api/status HTTP/1.1" 200 282
192.168.0.18 - - [03/Jul/2025 19:14:56] "GET /api/status HTTP/1.1" 200 281
192.168.0.18 - - [03/Jul/2025 19:15:01] "GET /api/status HTTP/1.1" 200 283
2025-07-03 19:15:05,844 - INFO - Shutdown signal received, cleaning up...
192.168.0.18 - - [03/Jul/2025 19:15:06] "GET /api/status HTTP/1.1" 200 284
2025-07-03 19:15:07,936 - INFO - Shutdown complete
[Camera] Initialization failed: Camera __init__ sequence did not complete.
Starting Jetscan Display System...
2025-07-03 19:17:07,668 - INFO - Camera stopped
2025-07-03 19:17:08,151 - INFO - Camera started
2025-07-03 19:22:08,182 - INFO - Camera stopped
2025-07-03 19:22:09,253 - INFO - Camera closed successfully.
[0:00:54.836425811] [1073] [1;32m INFO [1;37mCamera [1;34mcamera_manager.cpp:326 [0mlibcamera v0.5.0+59-d83ff0a4
[0:00:55.733210029] [1302] [1;33m WARN [1;37mRPiSdn [1;34msdn.cpp:40 [0mUsing legacy SDN tuning - please consider moving SDN inside rpi.denoise
[0:00:55.758067894] [1302] [1;32m INFO [1;37mRPI [1;34mvc4.cpp:447 [0mRegistered camera /base/soc/i2c0mux/i2c@1/ov5647@36 to Unicam device /dev/media3 and ISP device /dev/media0
[0:00:55.758229040] [1302] [1;32m INFO [1;37mRPI [1;34mpipeline_base.cpp:1121 [0mUsing configuration file '/usr/share/libcamera/pipeline/rpi/vc4/rpi_apps.yaml'
2025-07-04 16:08:15,180 - INFO - Initialization successful.
2025-07-04 16:08:15,255 - INFO - Camera now open.
[0:00:56.055959248] [1073] [1;32m INFO [1;37mCamera [1;34mcamera.cpp:1205 [0mconfiguring streams: (0) 1920x1080-XBGR8888 (1) 640x480-YUV420 (2) 1920x1080-SGBRG10_CSI2P
[0:00:56.057212633] [1302] [1;32m INFO [1;37mRPI [1;34mvc4.cpp:622 [0mSensor: /base/soc/i2c0mux/i2c@1/ov5647@36 - Selected sensor format: 1920x1080-SGBRG10_1X10 - Selected unicam format: 1920x1080-pGAA
2025-07-04 16:08:15,385 - INFO - Configuration successful!
2025-07-04 16:08:18,933 - INFO - Camera started
2025-07-04 16:08:18,981 - INFO - Camera initialized successfully
2025-07-04 16:08:19,026 - INFO - Camera controller started
2025-07-04 16:08:19,073 - INFO - Status - Voltage: 11.20V, Charging: None, Storage: 21.51GB
2025-07-04 16:08:19,075 - INFO - Starting recording: All conditions met
2025-07-04 16:08:20,719 - INFO - Started recording: /home/raspberry/Jetscan/videos/recording_20250704_160819.h264
2025-07-04 16:08:30,797 - INFO - Status - Voltage: 11.20V, Charging: None, Storage: 21.50GB
2025-07-04 16:08:41,208 - INFO - Status - Voltage: 11.20V, Charging: None, Storage: 21.49GB
2025-07-04 16:08:53,541 - INFO - Status - Voltage: 11.20V, Charging: None, Storage: 21.48GB
2025-07-04 16:09:04,390 - INFO - Status - Voltage: 11.19V, Charging: None, Storage: 21.47GB
Bottle v0.12.23 server starting up (using WSGIRefServer())...
Listening on http://0.0.0.0:8080/
Hit Ctrl-C to quit.

[0:01:47.545644385] [1318] [1;32m INFO [1;37mCamera [1;34mcamera_manager.cpp:326 [0mlibcamera v0.5.0+59-d83ff0a4
[0:01:47.810616520] [1456] [1;33m WARN [1;37mRPiSdn [1;34msdn.cpp:40 [0mUsing legacy SDN tuning - please consider moving SDN inside rpi.denoise
[0:01:47.826842666] [1456] [1;32m INFO [1;37mRPI [1;34mvc4.cpp:447 [0mRegistered camera /base/soc/i2c0mux/i2c@1/ov5647@36 to Unicam device /dev/media3 and ISP device /dev/media0
[0:01:47.827065739] [1456] [1;32m INFO [1;37mRPI [1;34mpipeline_base.cpp:1121 [0mUsing configuration file '/usr/share/libcamera/pipeline/rpi/vc4/rpi_apps.yaml'
2025-07-04 16:09:07,215 - INFO - Initialization successful.
[0:01:47.906811259] [1318] [1;32m INFO [1;37mCamera [1;34mcamera.cpp:1011 [0mPipeline handler in use by another process
2025-07-04 16:09:07,251 - ERROR - Camera __init__ sequence did not complete.
2025-07-04 16:09:07,255 - ERROR - Failed to initialize camera: Camera __init__ sequence did not complete.
Traceback (most recent call last):
  File "/usr/lib/python3/dist-packages/picamera2/picamera2.py", line 293, in __init__
    self._open_camera()
  File "/usr/lib/python3/dist-packages/picamera2/picamera2.py", line 505, in _open_camera
    self.camera.acquire()
RuntimeError: Failed to acquire camera: Device or resource busy

During handling of the above exception, another exception occurred:

Traceback (most recent call last):
  File "/home/raspberry/Jetscan/main.py", line 124, in <module>
    camera_thread()
  File "/home/raspberry/Jetscan/camera_module.py", line 231, in camera_thread
    controller = CameraController()
                 ^^^^^^^^^^^^^^^^^^
  File "/home/raspberry/Jetscan/camera_module.py", line 52, in __init__
    self.init_camera()
  File "/home/raspberry/Jetscan/camera_module.py", line 61, in init_camera
    self.camera = Picamera2()
                  ^^^^^^^^^^^
  File "/usr/lib/python3/dist-packages/picamera2/picamera2.py", line 305, in __init__
    raise RuntimeError("Camera __init__ sequence did not complete.")
RuntimeError: Camera __init__ sequence did not complete.
2025-07-04 16:09:14,419 - INFO - Status - Voltage: 11.19V, Charging: None, Storage: 21.46GB
2025-07-04 16:09:24,424 - INFO - Status - Voltage: 11.19V, Charging: None, Storage: 21.45GB
2025-07-04 16:09:34,431 - INFO - Status - Voltage: 11.19V, Charging: None, Storage: 21.44GB
2025-07-04 16:09:44,438 - INFO - Status - Voltage: 11.19V, Charging: None, Storage: 21.43GB
2025-07-04 16:09:54,443 - INFO - Status - Voltage: 11.19V, Charging: None, Storage: 21.41GB
2025-07-04 16:10:04,449 - INFO - Status - Voltage: 11.19V, Charging: None, Storage: 21.40GB
2025-07-04 16:10:14,458 - INFO - Status - Voltage: 11.19V, Charging: None, Storage: 21.39GB
2025-07-04 16:10:24,463 - INFO - Status - Voltage: 11.19V, Charging: None, Storage: 21.38GB
2025-07-04 16:10:34,468 - INFO - Status - Voltage: 11.19V, Charging: None, Storage: 21.37GB
2025-07-04 16:10:44,475 - INFO - Status - Voltage: 11.19V, Charging: None, Storage: 21.36GB
2025-07-04 16:10:54,481 - INFO - Status - Voltage: 11.19V, Charging: None, Storage: 21.34GB
2025-07-04 16:11:04,488 - INFO - Status - Voltage: 11.19V, Charging: None, Storage: 21.33GB
2025-07-04 16:11:14,493 - INFO - Status - Voltage: 11.18V, Charging: None, Storage: 21.32GB
2025-07-04 16:11:24,498 - INFO - Status - Voltage: 11.19V, Charging: None, Storage: 21.31GB
2025-07-04 16:11:34,502 - INFO - Status - Voltage: 11.18V, Charging: None, Storage: 21.30GB
2025-07-04 16:11:44,508 - INFO - Status - Voltage: 11.18V, Charging: None, Storage: 21.29GB
2025-07-04 16:11:54,513 - INFO - Status - Voltage: 11.18V, Charging: None, Storage: 21.27GB
2025-07-04 16:12:04,523 - INFO - Status - Voltage: 11.25V, Charging: True, Storage: 21.26GB
2025-07-04 16:12:04,525 - INFO - Stopping recording: Charging detected
2025-07-04 16:12:04,659 - INFO - Camera stopped
2025-07-04 16:12:04,751 - INFO - Stopped recording: /home/raspberry/Jetscan/videos/recording_20250704_160819.h264
2025-07-04 16:12:14,759 - INFO - Status - Voltage: 11.27V, Charging: True, Storage: 21.26GB
2025-07-04 16:12:24,765 - INFO - Status - Voltage: 11.21V, Charging: None, Storage: 21.26GB
2025-07-04 16:12:24,766 - INFO - Starting recording: All conditions met
2025-07-04 16:12:25,079 - INFO - Camera started
2025-07-04 16:12:25,081 - INFO - Started recording: /home/raspberry/Jetscan/videos/recording_20250704_161224.h264
2025-07-04 16:12:35,086 - INFO - Status - Voltage: 11.19V, Charging: None, Storage: 21.25GB
2025-07-04 16:12:45,093 - INFO - Status - Voltage: 11.19V, Charging: None, Storage: 21.24GB
2025-07-04 16:12:55,098 - INFO - Status - Voltage: 11.19V, Charging: None, Storage: 21.23GB
2025-07-04 16:13:05,104 - INFO - Status - Voltage: 11.19V, Charging: None, Storage: 21.22GB
2025-07-04 16:13:15,110 - INFO - Status - Voltage: 11.19V, Charging: None, Storage: 21.20GB
10.42.0.20 - - [04/Jul/2025 16:13:18] "GET / HTTP/1.1" 200 28012
10.42.0.20 - - [04/Jul/2025 16:13:18] "GET / HTTP/1.1" 200 28011
10.42.0.20 - - [04/Jul/2025 16:13:18] "GET /api/status HTTP/1.1" 200 287
10.42.0.20 - - [04/Jul/2025 16:13:18] "GET /favicon.ico HTTP/1.1" 404 742
10.42.0.20 - - [04/Jul/2025 16:13:23] "GET /api/status HTTP/1.1" 200 287
2025-07-04 16:13:25,115 - INFO - Status - Voltage: 11.18V, Charging: None, Storage: 21.19GB
10.42.0.20 - - [04/Jul/2025 16:13:28] "POST /set_pwm HTTP/1.1" 303 0
10.42.0.20 - - [04/Jul/2025 16:13:28] "GET /api/status HTTP/1.1" 200 288
10.42.0.20 - - [04/Jul/2025 16:13:28] "GET / HTTP/1.1" 200 28012
10.42.0.20 - - [04/Jul/2025 16:13:33] "GET /api/status HTTP/1.1" 200 287
2025-07-04 16:13:35,121 - INFO - Status - Voltage: 11.18V, Charging: None, Storage: 21.18GB
10.42.0.20 - - [04/Jul/2025 16:13:38] "GET /api/status HTTP/1.1" 200 288
10.42.0.20 - - [04/Jul/2025 16:13:43] "GET /api/status HTTP/1.1" 200 288
2025-07-04 16:13:45,128 - INFO - Status - Voltage: 11.18V, Charging: None, Storage: 21.17GB
10.42.0.20 - - [04/Jul/2025 16:13:48] "GET /api/status HTTP/1.1" 200 288
10.42.0.20 - - [04/Jul/2025 16:13:53] "GET /api/status HTTP/1.1" 200 287
2025-07-04 16:13:55,134 - INFO - Status - Voltage: 11.18V, Charging: None, Storage: 21.16GB
10.42.0.20 - - [04/Jul/2025 16:13:58] "GET /api/status HTTP/1.1" 200 288
10.42.0.20 - - [04/Jul/2025 16:14:03] "GET /api/status HTTP/1.1" 200 288
2025-07-04 16:14:05,138 - INFO - Status - Voltage: 11.17V, Charging: None, Storage: 21.15GB
10.42.0.20 - - [04/Jul/2025 16:14:08] "GET /api/status HTTP/1.1" 200 288
10.42.0.20 - - [04/Jul/2025 16:14:13] "GET /api/status HTTP/1.1" 200 287
2025-07-04 16:14:16,191 - INFO - Status - Voltage: 11.18V, Charging: None, Storage: 21.13GB
10.42.0.20 - - [04/Jul/2025 16:14:18] "GET /api/status HTTP/1.1" 200 287
10.42.0.20 - - [04/Jul/2025 16:14:23] "GET /api/status HTTP/1.1" 200 288
2025-07-04 16:14:26,196 - INFO - Status - Voltage: 11.17V, Charging: None, Storage: 21.12GB
10.42.0.20 - - [04/Jul/2025 16:14:28] "GET /api/status HTTP/1.1" 200 288
10.42.0.20 - - [04/Jul/2025 16:14:33] "GET /api/status HTTP/1.1" 200 288
2025-07-04 16:14:36,201 - INFO - Status - Voltage: 11.17V, Charging: None, Storage: 21.11GB
10.42.0.20 - - [04/Jul/2025 16:14:38] "GET /api/status HTTP/1.1" 200 287
10.42.0.20 - - [04/Jul/2025 16:14:43] "GET /api/status HTTP/1.1" 200 287
2025-07-04 16:14:46,206 - INFO - Status - Voltage: 11.17V, Charging: None, Storage: 21.10GB
10.42.0.20 - - [04/Jul/2025 16:14:48] "GET /api/status HTTP/1.1" 200 287
10.42.0.20 - - [04/Jul/2025 16:14:53] "GET /api/status HTTP/1.1" 200 288
2025-07-04 16:14:56,212 - INFO - Status - Voltage: 11.17V, Charging: None, Storage: 21.09GB
10.42.0.20 - - [04/Jul/2025 16:14:58] "GET /api/status HTTP/1.1" 200 287
10.42.0.20 - - [04/Jul/2025 16:15:03] "GET /api/status HTTP/1.1" 200 287
2025-07-04 16:15:06,218 - INFO - Status - Voltage: 11.17V, Charging: None, Storage: 21.07GB
10.42.0.20 - - [04/Jul/2025 16:15:08] "GET /api/status HTTP/1.1" 200 287
10.42.0.20 - - [04/Jul/2025 16:15:13] "GET /api/status HTTP/1.1" 200 287
2025-07-04 16:15:16,223 - INFO - Status - Voltage: 11.17V, Charging: None, Storage: 21.06GB
10.42.0.20 - - [04/Jul/2025 16:15:18] "GET /api/status HTTP/1.1" 200 288
10.42.0.20 - - [04/Jul/2025 16:15:23] "GET /api/status HTTP/1.1" 200 287
2025-07-04 16:15:26,229 - INFO - Status - Voltage: 11.17V, Charging: None, Storage: 21.05GB
10.42.0.20 - - [04/Jul/2025 16:15:28] "GET /api/status HTTP/1.1" 200 288
10.42.0.20 - - [04/Jul/2025 16:15:33] "GET /api/status HTTP/1.1" 200 287
2025-07-04 16:15:36,235 - INFO - Status - Voltage: 11.17V, Charging: None, Storage: 21.04GB
10.42.0.20 - - [04/Jul/2025 16:15:38] "GET /api/status HTTP/1.1" 200 287
10.42.0.20 - - [04/Jul/2025 16:15:40] "POST /set_pwm HTTP/1.1" 303 0
10.42.0.20 - - [04/Jul/2025 16:15:40] "GET / HTTP/1.1" 200 28012
10.42.0.20 - - [04/Jul/2025 16:15:43] "GET /api/status HTTP/1.1" 200 288
2025-07-04 16:15:46,241 - INFO - Status - Voltage: 11.17V, Charging: None, Storage: 21.03GB
10.42.0.20 - - [04/Jul/2025 16:15:48] "GET /api/status HTTP/1.1" 200 287
10.42.0.20 - - [04/Jul/2025 16:15:53] "GET /api/status HTTP/1.1" 200 287
2025-07-04 16:15:56,246 - INFO - Status - Voltage: 11.17V, Charging: None, Storage: 21.02GB
10.42.0.20 - - [04/Jul/2025 16:15:58] "GET /api/status HTTP/1.1" 200 287
10.42.0.20 - - [04/Jul/2025 16:16:03] "GET /api/status HTTP/1.1" 200 287
2025-07-04 16:16:06,251 - INFO - Status - Voltage: 11.17V, Charging: None, Storage: 21.01GB
10.42.0.20 - - [04/Jul/2025 16:16:08] "GET /api/status HTTP/1.1" 200 287
10.42.0.20 - - [04/Jul/2025 16:16:13] "GET /api/status HTTP/1.1" 200 288
2025-07-04 16:16:16,256 - INFO - Status - Voltage: 11.17V, Charging: None, Storage: 21.00GB
10.42.0.20 - - [04/Jul/2025 16:16:18] "GET /api/status HTTP/1.1" 200 287
10.42.0.20 - - [04/Jul/2025 16:16:23] "GET /api/status HTTP/1.1" 200 287
2025-07-04 16:16:26,262 - INFO - Status - Voltage: 11.17V, Charging: None, Storage: 20.98GB
10.42.0.20 - - [04/Jul/2025 16:16:28] "GET /api/status HTTP/1.1" 200 288
10.42.0.20 - - [04/Jul/2025 16:16:33] "GET /api/status HTTP/1.1" 200 287
2025-07-04 16:16:36,266 - INFO - Status - Voltage: 11.17V, Charging: None, Storage: 20.97GB
10.42.0.20 - - [04/Jul/2025 16:16:38] "GET /api/status HTTP/1.1" 200 287
10.42.0.20 - - [04/Jul/2025 16:16:43] "GET /api/status HTTP/1.1" 200 287
2025-07-04 16:16:46,271 - INFO - Status - Voltage: 11.17V, Charging: None, Storage: 20.96GB
10.42.0.20 - - [04/Jul/2025 16:16:48] "GET /api/status HTTP/1.1" 200 285
10.42.0.20 - - [04/Jul/2025 16:16:53] "GET /api/status HTTP/1.1" 200 287
2025-07-04 16:16:56,277 - INFO - Status - Voltage: 11.17V, Charging: None, Storage: 20.95GB
10.42.0.20 - - [04/Jul/2025 16:16:58] "GET /api/status HTTP/1.1" 200 288
10.42.0.20 - - [04/Jul/2025 16:17:03] "GET /api/status HTTP/1.1" 200 287
2025-07-04 16:17:06,286 - INFO - Status - Voltage: 11.17V, Charging: None, Storage: 20.94GB
10.42.0.20 - - [04/Jul/2025 16:17:08] "GET /api/status HTTP/1.1" 200 287
10.42.0.20 - - [04/Jul/2025 16:17:13] "GET /api/status HTTP/1.1" 200 287
2025-07-04 16:17:16,290 - INFO - Status - Voltage: 11.17V, Charging: None, Storage: 20.93GB
10.42.0.20 - - [04/Jul/2025 16:17:18] "GET /api/status HTTP/1.1" 200 287
10.42.0.20 - - [04/Jul/2025 16:17:23] "GET /api/status HTTP/1.1" 200 285
2025-07-04 16:17:26,295 - INFO - Status - Voltage: 11.17V, Charging: None, Storage: 20.91GB
10.42.0.20 - - [04/Jul/2025 16:17:28] "GET /api/status HTTP/1.1" 200 287
10.42.0.20 - - [04/Jul/2025 16:17:33] "GET /api/status HTTP/1.1" 200 287
2025-07-04 16:17:36,302 - INFO - Status - Voltage: 11.17V, Charging: None, Storage: 20.90GB
10.42.0.20 - - [04/Jul/2025 16:17:38] "GET /api/status HTTP/1.1" 200 287
10.42.0.20 - - [04/Jul/2025 16:17:43] "GET /api/status HTTP/1.1" 200 288
2025-07-04 16:17:46,311 - INFO - Status - Voltage: 11.17V, Charging: None, Storage: 20.89GB
10.42.0.20 - - [04/Jul/2025 16:17:48] "GET /api/status HTTP/1.1" 200 287
10.42.0.20 - - [04/Jul/2025 16:17:53] "GET /api/status HTTP/1.1" 200 287
2025-07-04 16:17:56,316 - INFO - Status - Voltage: 11.17V, Charging: None, Storage: 20.88GB
10.42.0.20 - - [04/Jul/2025 16:17:58] "GET /api/status HTTP/1.1" 200 289
10.42.0.20 - - [04/Jul/2025 16:18:03] "GET /api/status HTTP/1.1" 200 287
2025-07-04 16:18:06,322 - INFO - Status - Voltage: 11.17V, Charging: None, Storage: 20.87GB
10.42.0.20 - - [04/Jul/2025 16:18:08] "GET /api/status HTTP/1.1" 200 287
10.42.0.20 - - [04/Jul/2025 16:18:13] "GET /api/status HTTP/1.1" 200 287
2025-07-04 16:18:16,327 - INFO - Status - Voltage: 11.17V, Charging: None, Storage: 20.86GB
10.42.0.20 - - [04/Jul/2025 16:18:18] "GET /api/status HTTP/1.1" 200 288
10.42.0.20 - - [04/Jul/2025 16:18:23] "GET /api/status HTTP/1.1" 200 287
2025-07-04 16:18:26,333 - INFO - Status - Voltage: 11.17V, Charging: None, Storage: 20.84GB
10.42.0.20 - - [04/Jul/2025 16:18:28] "GET /api/status HTTP/1.1" 200 288
10.42.0.20 - - [04/Jul/2025 16:18:31] "POST /set_pwm HTTP/1.1" 303 0
10.42.0.20 - - [04/Jul/2025 16:18:31] "GET / HTTP/1.1" 200 28012
10.42.0.20 - - [04/Jul/2025 16:18:33] "GET /api/status HTTP/1.1" 200 288
2025-07-04 16:18:36,341 - INFO - Status - Voltage: 11.16V, Charging: None, Storage: 20.83GB
10.42.0.20 - - [04/Jul/2025 16:18:38] "GET /api/status HTTP/1.1" 200 287
10.42.0.20 - - [04/Jul/2025 16:18:43] "GET /api/status HTTP/1.1" 200 287
2025-07-04 16:18:46,346 - INFO - Status - Voltage: 11.16V, Charging: None, Storage: 20.82GB
10.42.0.20 - - [04/Jul/2025 16:18:48] "GET /api/status HTTP/1.1" 200 288
10.42.0.20 - - [04/Jul/2025 16:18:53] "GET /api/status HTTP/1.1" 200 287
2025-07-04 16:18:56,350 - INFO - Status - Voltage: 11.16V, Charging: None, Storage: 20.81GB
10.42.0.20 - - [04/Jul/2025 16:18:58] "GET /api/status HTTP/1.1" 200 287
10.42.0.20 - - [04/Jul/2025 16:18:58] "POST /set_pwm HTTP/1.1" 303 0
10.42.0.20 - - [04/Jul/2025 16:18:59] "GET / HTTP/1.1" 200 28012
10.42.0.20 - - [04/Jul/2025 16:19:03] "GET /api/status HTTP/1.1" 200 288
2025-07-04 16:19:06,356 - INFO - Status - Voltage: 11.16V, Charging: None, Storage: 20.80GB
10.42.0.20 - - [04/Jul/2025 16:19:08] "GET /api/status HTTP/1.1" 200 287
10.42.0.20 - - [04/Jul/2025 16:19:13] "GET /api/status HTTP/1.1" 200 287
2025-07-04 16:19:16,361 - INFO - Status - Voltage: 11.16V, Charging: None, Storage: 20.79GB
10.42.0.20 - - [04/Jul/2025 16:19:18] "GET /api/status HTTP/1.1" 200 287
10.42.0.20 - - [04/Jul/2025 16:19:23] "GET /api/status HTTP/1.1" 200 286
2025-07-04 16:19:26,368 - INFO - Status - Voltage: 11.22V, Charging: True, Storage: 20.78GB
2025-07-04 16:19:26,370 - INFO - Stopping recording: Charging detected
2025-07-04 16:19:26,424 - INFO - Camera stopped
2025-07-04 16:19:26,479 - INFO - Stopped recording: /home/raspberry/Jetscan/videos/recording_20250704_161224.h264
10.42.0.20 - - [04/Jul/2025 16:19:28] "GET /api/status HTTP/1.1" 200 286
10.42.0.20 - - [04/Jul/2025 16:19:33] "GET /api/status HTTP/1.1" 200 287
2025-07-04 16:19:36,486 - INFO - Status - Voltage: 11.23V, Charging: True, Storage: 20.77GB
10.42.0.20 - - [04/Jul/2025 16:19:38] "GET /api/status HTTP/1.1" 200 286
10.42.0.20 - - [04/Jul/2025 16:19:43] "GET /api/status HTTP/1.1" 200 286
2025-07-04 16:19:46,492 - INFO - Status - Voltage: 11.24V, Charging: True, Storage: 20.77GB
10.42.0.20 - - [04/Jul/2025 16:19:48] "GET /api/status HTTP/1.1" 200 286
10.42.0.20 - - [04/Jul/2025 16:19:53] "GET /api/status HTTP/1.1" 200 287
2025-07-04 16:19:56,499 - INFO - Status - Voltage: 11.25V, Charging: True, Storage: 20.77GB
10.42.0.20 - - [04/Jul/2025 16:19:58] "GET /api/status HTTP/1.1" 200 288
10.42.0.20 - - [04/Jul/2025 16:20:03] "GET /api/status HTTP/1.1" 200 287
2025-07-04 16:20:06,505 - INFO - Status - Voltage: 11.25V, Charging: True, Storage: 20.77GB
10.42.0.20 - - [04/Jul/2025 16:20:08] "GET /api/status HTTP/1.1" 200 286
10.42.0.20 - - [04/Jul/2025 16:20:12] "POST /set_pwm HTTP/1.1" 303 0
10.42.0.20 - - [04/Jul/2025 16:20:12] "GET / HTTP/1.1" 200 28012
10.42.0.20 - - [04/Jul/2025 16:20:13] "GET /api/status HTTP/1.1" 200 286
2025-07-04 16:20:16,513 - INFO - Status - Voltage: 11.26V, Charging: True, Storage: 20.77GB
10.42.0.20 - - [04/Jul/2025 16:20:18] "GET /api/status HTTP/1.1" 200 286
10.42.0.20 - - [04/Jul/2025 16:20:23] "GET /api/status HTTP/1.1" 200 286
2025-07-04 16:20:26,520 - INFO - Status - Voltage: 11.26V, Charging: True, Storage: 20.77GB
10.42.0.20 - - [04/Jul/2025 16:20:28] "GET /api/status HTTP/1.1" 200 286
10.42.0.20 - - [04/Jul/2025 16:20:33] "GET /api/status HTTP/1.1" 200 286
2025-07-04 16:20:36,525 - INFO - Status - Voltage: 11.26V, Charging: True, Storage: 20.77GB
10.42.0.20 - - [04/Jul/2025 16:20:38] "GET /api/status HTTP/1.1" 200 286
10.42.0.20 - - [04/Jul/2025 16:20:43] "GET /api/status HTTP/1.1" 200 286
2025-07-04 16:20:46,529 - INFO - Status - Voltage: 11.26V, Charging: True, Storage: 20.77GB
10.42.0.20 - - [04/Jul/2025 16:20:48] "GET /api/status HTTP/1.1" 200 286
10.42.0.20 - - [04/Jul/2025 16:20:53] "GET /api/status HTTP/1.1" 200 286
2025-07-04 16:20:56,535 - INFO - Status - Voltage: 11.26V, Charging: True, Storage: 20.77GB
10.42.0.20 - - [04/Jul/2025 16:20:58] "GET /api/status HTTP/1.1" 200 286
10.42.0.20 - - [04/Jul/2025 16:21:03] "GET /api/status HTTP/1.1" 200 286
2025-07-04 16:21:06,541 - INFO - Status - Voltage: 11.26V, Charging: True, Storage: 20.77GB
10.42.0.20 - - [04/Jul/2025 16:21:08] "GET /api/status HTTP/1.1" 200 286
10.42.0.20 - - [04/Jul/2025 16:21:13] "GET /api/status HTTP/1.1" 200 286
2025-07-04 16:21:16,548 - INFO - Status - Voltage: 11.27V, Charging: True, Storage: 20.77GB
10.42.0.20 - - [04/Jul/2025 16:21:18] "GET /api/status HTTP/1.1" 200 286
10.42.0.20 - - [04/Jul/2025 16:21:23] "GET /api/status HTTP/1.1" 200 286
2025-07-04 16:21:26,553 - INFO - Status - Voltage: 11.27V, Charging: True, Storage: 20.77GB
10.42.0.20 - - [04/Jul/2025 16:21:28] "GET /api/status HTTP/1.1" 200 286
10.42.0.20 - - [04/Jul/2025 16:21:33] "GET /api/status HTTP/1.1" 200 287
2025-07-04 16:21:36,559 - INFO - Status - Voltage: 11.27V, Charging: True, Storage: 20.77GB
10.42.0.20 - - [04/Jul/2025 16:21:38] "GET /api/status HTTP/1.1" 200 287
10.42.0.20 - - [04/Jul/2025 16:21:43] "GET /api/status HTTP/1.1" 200 286
2025-07-04 16:21:46,565 - INFO - Status - Voltage: 11.27V, Charging: True, Storage: 20.77GB
10.42.0.20 - - [04/Jul/2025 16:21:48] "GET /api/status HTTP/1.1" 200 286
10.42.0.20 - - [04/Jul/2025 16:21:53] "GET /api/status HTTP/1.1" 200 286
2025-07-04 16:21:56,571 - INFO - Status - Voltage: 11.27V, Charging: True, Storage: 20.77GB
10.42.0.20 - - [04/Jul/2025 16:21:58] "GET /api/status HTTP/1.1" 200 286
10.42.0.20 - - [04/Jul/2025 16:22:03] "GET /api/status HTTP/1.1" 200 286
2025-07-04 16:22:06,578 - INFO - Status - Voltage: 11.27V, Charging: True, Storage: 20.77GB
10.42.0.20 - - [04/Jul/2025 16:22:08] "GET /api/status HTTP/1.1" 200 286
10.42.0.20 - - [04/Jul/2025 16:22:13] "GET /api/status HTTP/1.1" 200 286
2025-07-04 16:22:16,584 - INFO - Status - Voltage: 11.28V, Charging: True, Storage: 20.77GB
10.42.0.20 - - [04/Jul/2025 16:22:18] "GET /api/status HTTP/1.1" 200 286
10.42.0.20 - - [04/Jul/2025 16:22:23] "GET /api/status HTTP/1.1" 200 286
2025-07-04 16:22:26,590 - INFO - Status - Voltage: 11.28V, Charging: True, Storage: 20.77GB
10.42.0.20 - - [04/Jul/2025 16:22:28] "GET /api/status HTTP/1.1" 200 286
10.42.0.20 - - [04/Jul/2025 16:22:33] "GET /api/status HTTP/1.1" 200 286
2025-07-04 16:22:36,598 - INFO - Status - Voltage: 11.28V, Charging: True, Storage: 20.77GB
10.42.0.20 - - [04/Jul/2025 16:22:38] "GET /api/status HTTP/1.1" 200 286
10.42.0.20 - - [04/Jul/2025 16:22:43] "GET /api/status HTTP/1.1" 200 286
2025-07-04 16:22:46,604 - INFO - Status - Voltage: 11.28V, Charging: True, Storage: 20.77GB
10.42.0.20 - - [04/Jul/2025 16:22:48] "GET /api/status HTTP/1.1" 200 286
10.42.0.20 - - [04/Jul/2025 16:22:53] "GET /api/status HTTP/1.1" 200 286
2025-07-04 16:22:56,610 - INFO - Status - Voltage: 11.28V, Charging: True, Storage: 20.77GB
10.42.0.20 - - [04/Jul/2025 16:22:58] "GET /api/status HTTP/1.1" 200 286
10.42.0.20 - - [04/Jul/2025 16:23:03] "GET /api/status HTTP/1.1" 200 286
2025-07-04 16:23:06,617 - INFO - Status - Voltage: 11.28V, Charging: True, Storage: 20.77GB
10.42.0.20 - - [04/Jul/2025 16:23:08] "GET /api/status HTTP/1.1" 200 286
10.42.0.20 - - [04/Jul/2025 16:23:13] "GET /api/status HTTP/1.1" 200 286
2025-07-04 16:23:16,623 - INFO - Status - Voltage: 11.29V, Charging: True, Storage: 20.77GB
10.42.0.20 - - [04/Jul/2025 16:23:18] "GET /api/status HTTP/1.1" 200 286
10.42.0.20 - - [04/Jul/2025 16:23:23] "GET /api/status HTTP/1.1" 200 286
2025-07-04 16:23:26,629 - INFO - Status - Voltage: 11.29V, Charging: True, Storage: 20.77GB
10.42.0.20 - - [04/Jul/2025 16:23:28] "GET /api/status HTTP/1.1" 200 286
10.42.0.20 - - [04/Jul/2025 16:23:33] "GET /api/status HTTP/1.1" 200 286
2025-07-04 16:23:36,636 - INFO - Status - Voltage: 11.29V, Charging: True, Storage: 20.77GB
10.42.0.20 - - [04/Jul/2025 16:23:38] "GET /api/status HTTP/1.1" 200 286
10.42.0.20 - - [04/Jul/2025 16:23:43] "GET /api/status HTTP/1.1" 200 286
2025-07-04 16:23:46,642 - INFO - Status - Voltage: 11.29V, Charging: True, Storage: 20.77GB
10.42.0.20 - - [04/Jul/2025 16:23:48] "GET /api/status HTTP/1.1" 200 286
10.42.0.20 - - [04/Jul/2025 16:23:53] "GET /api/status HTTP/1.1" 200 286
2025-07-04 16:23:56,648 - INFO - Status - Voltage: 11.29V, Charging: True, Storage: 20.77GB
10.42.0.20 - - [04/Jul/2025 16:23:58] "GET /api/status HTTP/1.1" 200 286
10.42.0.20 - - [04/Jul/2025 16:24:03] "GET /api/status HTTP/1.1" 200 287
2025-07-04 16:24:06,654 - INFO - Status - Voltage: 11.29V, Charging: True, Storage: 20.77GB
10.42.0.20 - - [04/Jul/2025 16:24:08] "GET /api/status HTTP/1.1" 200 286
10.42.0.20 - - [04/Jul/2025 16:24:13] "GET /api/status HTTP/1.1" 200 286
2025-07-04 16:24:16,660 - INFO - Status - Voltage: 11.29V, Charging: True, Storage: 20.77GB
10.42.0.20 - - [04/Jul/2025 16:24:18] "GET /api/status HTTP/1.1" 200 286
10.42.0.20 - - [04/Jul/2025 16:24:23] "GET /api/status HTTP/1.1" 200 286
2025-07-04 16:24:26,666 - INFO - Status - Voltage: 11.29V, Charging: True, Storage: 20.77GB
10.42.0.20 - - [04/Jul/2025 16:24:28] "GET /api/status HTTP/1.1" 200 286
10.42.0.20 - - [04/Jul/2025 16:24:33] "GET /api/status HTTP/1.1" 200 286
2025-07-04 16:24:36,672 - INFO - Status - Voltage: 11.30V, Charging: True, Storage: 20.77GB
10.42.0.20 - - [04/Jul/2025 16:24:38] "GET /api/status HTTP/1.1" 200 286
10.42.0.20 - - [04/Jul/2025 16:24:43] "GET /api/status HTTP/1.1" 200 285
2025-07-04 16:24:46,678 - INFO - Status - Voltage: 11.30V, Charging: True, Storage: 20.77GB
10.42.0.20 - - [04/Jul/2025 16:24:48] "GET /api/status HTTP/1.1" 200 284
10.42.0.20 - - [04/Jul/2025 16:24:53] "GET /api/status HTTP/1.1" 200 287
2025-07-04 16:24:56,686 - INFO - Status - Voltage: 12.62V, Charging: True, Storage: 20.77GB
[0:00:57.108813673] [1080] [1;32m INFO [1;37mCamera [1;34mcamera_manager.cpp:326 [0mlibcamera v0.5.0+59-d83ff0a4
[0:00:57.505465079] [1317] [1;33m WARN [1;37mRPiSdn [1;34msdn.cpp:40 [0mUsing legacy SDN tuning - please consider moving SDN inside rpi.denoise
[0:00:57.561451382] [1317] [1;32m INFO [1;37mRPI [1;34mvc4.cpp:447 [0mRegistered camera /base/soc/i2c0mux/i2c@1/ov5647@36 to Unicam device /dev/media1 and ISP device /dev/media0
[0:00:57.561618725] [1317] [1;32m INFO [1;37mRPI [1;34mpipeline_base.cpp:1121 [0mUsing configuration file '/usr/share/libcamera/pipeline/rpi/vc4/rpi_apps.yaml'
2025-07-04 16:25:25,498 - INFO - Initialization successful.
2025-07-04 16:25:25,532 - INFO - Camera now open.
[0:00:57.814008673] [1080] [1;32m INFO [1;37mCamera [1;34mcamera.cpp:1205 [0mconfiguring streams: (0) 1920x1080-XBGR8888 (1) 640x480-YUV420 (2) 1920x1080-SGBRG10_CSI2P
[0:00:57.814959246] [1317] [1;32m INFO [1;37mRPI [1;34mvc4.cpp:622 [0mSensor: /base/soc/i2c0mux/i2c@1/ov5647@36 - Selected sensor format: 1920x1080-SGBRG10_1X10 - Selected unicam format: 1920x1080-pGAA
2025-07-04 16:25:25,616 - INFO - Configuration successful!
2025-07-04 16:25:26,469 - INFO - Camera started
2025-07-04 16:25:26,557 - INFO - Camera initialized successfully
2025-07-04 16:25:26,560 - INFO - Camera controller started
2025-07-04 16:25:26,691 - INFO - Status - Voltage: 11.21V, Charging: None, Storage: 20.77GB
2025-07-04 16:25:26,692 - INFO - Starting recording: All conditions met
2025-07-04 16:25:27,610 - INFO - Started recording: /home/raspberry/Jetscan/videos/recording_20250704_162526.h264
2025-07-04 16:25:37,662 - INFO - Status - Voltage: 11.20V, Charging: None, Storage: 20.76GB
2025-07-04 16:25:48,960 - INFO - Status - Voltage: 11.19V, Charging: None, Storage: 20.75GB
2025-07-04 16:26:00,152 - INFO - Status - Voltage: 11.19V, Charging: None, Storage: 20.74GB
2025-07-04 16:26:11,340 - INFO - Status - Voltage: 11.18V, Charging: None, Storage: 20.73GB
Bottle v0.12.23 server starting up (using WSGIRefServer())...
Listening on http://0.0.0.0:8080/
Hit Ctrl-C to quit.

[0:01:53.293752610] [1334] [1;32m INFO [1;37mCamera [1;34mcamera_manager.cpp:326 [0mlibcamera v0.5.0+59-d83ff0a4
[0:01:53.711076412] [1474] [1;33m WARN [1;37mRPiSdn [1;34msdn.cpp:40 [0mUsing legacy SDN tuning - please consider moving SDN inside rpi.denoise
[0:01:53.728927610] [1474] [1;32m INFO [1;37mRPI [1;34mvc4.cpp:447 [0mRegistered camera /base/soc/i2c0mux/i2c@1/ov5647@36 to Unicam device /dev/media1 and ISP device /dev/media0
[0:01:53.729170058] [1474] [1;32m INFO [1;37mRPI [1;34mpipeline_base.cpp:1121 [0mUsing configuration file '/usr/share/libcamera/pipeline/rpi/vc4/rpi_apps.yaml'
2025-07-04 16:26:21,595 - INFO - Initialization successful.
[0:01:53.844698912] [1334] [1;32m INFO [1;37mCamera [1;34mcamera.cpp:1011 [0mPipeline handler in use by another process
2025-07-04 16:26:21,648 - ERROR - Camera __init__ sequence did not complete.
2025-07-04 16:26:21,651 - ERROR - Failed to initialize camera: Camera __init__ sequence did not complete.
Traceback (most recent call last):
  File "/usr/lib/python3/dist-packages/picamera2/picamera2.py", line 293, in __init__
    self._open_camera()
  File "/usr/lib/python3/dist-packages/picamera2/picamera2.py", line 505, in _open_camera
    self.camera.acquire()
RuntimeError: Failed to acquire camera: Device or resource busy

During handling of the above exception, another exception occurred:

Traceback (most recent call last):
  File "/home/raspberry/Jetscan/main.py", line 124, in <module>
    camera_thread()
  File "/home/raspberry/Jetscan/camera_module.py", line 231, in camera_thread
    controller = CameraController()
                 ^^^^^^^^^^^^^^^^^^
  File "/home/raspberry/Jetscan/camera_module.py", line 52, in __init__
    self.init_camera()
  File "/home/raspberry/Jetscan/camera_module.py", line 61, in init_camera
    self.camera = Picamera2()
                  ^^^^^^^^^^^
  File "/usr/lib/python3/dist-packages/picamera2/picamera2.py", line 305, in __init__
    raise RuntimeError("Camera __init__ sequence did not complete.")
RuntimeError: Camera __init__ sequence did not complete.
2025-07-04 16:26:22,173 - INFO - Status - Voltage: 11.18V, Charging: None, Storage: 20.72GB
10.42.0.20 - - [04/Jul/2025 16:26:24] "GET / HTTP/1.1" 200 28012
10.42.0.20 - - [04/Jul/2025 16:26:24] "GET /api/status HTTP/1.1" 200 287
10.42.0.20 - - [04/Jul/2025 16:26:29] "GET /api/status HTTP/1.1" 200 287
2025-07-04 16:26:32,235 - INFO - Status - Voltage: 11.19V, Charging: None, Storage: 20.71GB
10.42.0.20 - - [04/Jul/2025 16:26:34] "GET /api/status HTTP/1.1" 200 287
10.42.0.20 - - [04/Jul/2025 16:26:37] "POST /set_pwm HTTP/1.1" 303 0
10.42.0.20 - - [04/Jul/2025 16:26:38] "GET / HTTP/1.1" 200 28012
10.42.0.20 - - [04/Jul/2025 16:26:39] "GET /api/status HTTP/1.1" 200 287
2025-07-04 16:26:42,240 - INFO - Status - Voltage: 11.18V, Charging: None, Storage: 20.70GB
10.42.0.20 - - [04/Jul/2025 16:26:44] "GET /api/status HTTP/1.1" 200 287
10.42.0.20 - - [04/Jul/2025 16:26:49] "GET /api/status HTTP/1.1" 200 287
2025-07-04 16:26:52,248 - INFO - Status - Voltage: 11.18V, Charging: None, Storage: 20.69GB
10.42.0.20 - - [04/Jul/2025 16:26:54] "GET /api/status HTTP/1.1" 200 287
10.42.0.20 - - [04/Jul/2025 16:26:59] "GET /api/status HTTP/1.1" 200 289
2025-07-04 16:27:02,254 - INFO - Status - Voltage: 11.18V, Charging: None, Storage: 20.68GB
10.42.0.20 - - [04/Jul/2025 16:27:04] "GET /api/status HTTP/1.1" 200 287
10.42.0.20 - - [04/Jul/2025 16:27:09] "GET /api/status HTTP/1.1" 200 288
2025-07-04 16:27:12,259 - INFO - Status - Voltage: 11.18V, Charging: None, Storage: 20.66GB
10.42.0.20 - - [04/Jul/2025 16:27:14] "GET /api/status HTTP/1.1" 200 287
10.42.0.20 - - [04/Jul/2025 16:27:19] "GET /api/status HTTP/1.1" 200 288
2025-07-04 16:27:22,265 - INFO - Status - Voltage: 11.18V, Charging: None, Storage: 20.65GB
2025-07-04 16:27:32,275 - INFO - Status - Voltage: 11.18V, Charging: None, Storage: 20.64GB
2025-07-04 16:27:42,282 - INFO - Status - Voltage: 11.18V, Charging: None, Storage: 20.63GB
2025-07-04 16:27:52,288 - INFO - Status - Voltage: 11.17V, Charging: None, Storage: 20.62GB
2025-07-04 16:28:02,295 - INFO - Status - Voltage: 11.17V, Charging: None, Storage: 20.61GB
10.42.0.24 - - [04/Jul/2025 16:28:10] "GET / HTTP/1.1" 200 28013
10.42.0.24 - - [04/Jul/2025 16:28:11] "GET /api/status HTTP/1.1" 200 287
10.42.0.24 - - [04/Jul/2025 16:28:11] "GET /favicon.ico HTTP/1.1" 404 742
2025-07-04 16:28:12,303 - INFO - Status - Voltage: 11.17V, Charging: None, Storage: 20.59GB
10.42.0.24 - - [04/Jul/2025 16:28:16] "GET /api/status HTTP/1.1" 200 288
10.42.0.24 - - [04/Jul/2025 16:28:21] "GET /api/status HTTP/1.1" 200 287
2025-07-04 16:28:22,308 - INFO - Status - Voltage: 11.17V, Charging: None, Storage: 20.58GB
10.42.0.24 - - [04/Jul/2025 16:28:26] "GET /api/status HTTP/1.1" 200 287
10.42.0.24 - - [04/Jul/2025 16:28:31] "GET /api/status HTTP/1.1" 200 287
2025-07-04 16:28:32,313 - INFO - Status - Voltage: 11.17V, Charging: None, Storage: 20.57GB
10.42.0.24 - - [04/Jul/2025 16:28:36] "GET /api/status HTTP/1.1" 200 287
10.42.0.24 - - [04/Jul/2025 16:28:36] "POST /set_pwm HTTP/1.1" 303 0
10.42.0.24 - - [04/Jul/2025 16:28:36] "GET / HTTP/1.1" 200 28012
10.42.0.24 - - [04/Jul/2025 16:28:37] "POST /set_pwm HTTP/1.1" 303 0
10.42.0.24 - - [04/Jul/2025 16:28:37] "GET / HTTP/1.1" 200 28011
10.42.0.24 - - [04/Jul/2025 16:28:40] "POST /set_pwm HTTP/1.1" 303 0
10.42.0.24 - - [04/Jul/2025 16:28:40] "GET / HTTP/1.1" 200 28012
10.42.0.24 - - [04/Jul/2025 16:28:41] "GET /api/status HTTP/1.1" 200 287
2025-07-04 16:28:42,320 - INFO - Status - Voltage: 11.17V, Charging: None, Storage: 20.56GB
10.42.0.24 - - [04/Jul/2025 16:28:44] "POST /set_pwm HTTP/1.1" 303 0
10.42.0.24 - - [04/Jul/2025 16:28:44] "GET / HTTP/1.1" 200 28012
10.42.0.24 - - [04/Jul/2025 16:28:46] "GET /api/status HTTP/1.1" 200 288
10.42.0.24 - - [04/Jul/2025 16:28:51] "GET /api/status HTTP/1.1" 200 287
2025-07-04 16:28:52,327 - INFO - Status - Voltage: 11.17V, Charging: None, Storage: 20.55GB
10.42.0.24 - - [04/Jul/2025 16:28:56] "GET /api/status HTTP/1.1" 200 287
10.42.0.24 - - [04/Jul/2025 16:28:56] "POST /set_pwm HTTP/1.1" 303 0
10.42.0.24 - - [04/Jul/2025 16:28:56] "GET / HTTP/1.1" 200 28012
10.42.0.24 - - [04/Jul/2025 16:29:00] "POST /set_pwm HTTP/1.1" 303 0
10.42.0.24 - - [04/Jul/2025 16:29:00] "GET / HTTP/1.1" 200 28013
10.42.0.24 - - [04/Jul/2025 16:29:01] "GET /api/status HTTP/1.1" 200 287
2025-07-04 16:29:02,336 - INFO - Status - Voltage: 11.17V, Charging: None, Storage: 20.54GB
2025-07-04 16:29:12,340 - INFO - Status - Voltage: 11.17V, Charging: None, Storage: 20.52GB
2025-07-04 16:29:22,346 - INFO - Status - Voltage: 11.17V, Charging: None, Storage: 20.51GB
2025-07-04 16:29:32,351 - INFO - Status - Voltage: 11.17V, Charging: None, Storage: 20.50GB
2025-07-04 16:29:42,358 - INFO - Status - Voltage: 11.17V, Charging: None, Storage: 20.49GB
2025-07-04 16:29:52,363 - INFO - Status - Voltage: 11.17V, Charging: None, Storage: 20.48GB
2025-07-04 16:30:02,370 - INFO - Status - Voltage: 11.17V, Charging: None, Storage: 20.47GB
2025-07-04 16:30:12,377 - INFO - Status - Voltage: 11.16V, Charging: None, Storage: 20.46GB
2025-07-04 16:30:22,384 - INFO - Status - Voltage: 11.17V, Charging: None, Storage: 20.44GB
2025-07-04 16:30:32,389 - INFO - Status - Voltage: 11.17V, Charging: None, Storage: 20.43GB
2025-07-04 16:30:42,398 - INFO - Status - Voltage: 11.17V, Charging: None, Storage: 20.42GB
2025-07-04 16:30:52,404 - INFO - Status - Voltage: 11.17V, Charging: None, Storage: 20.41GB
2025-07-04 16:31:02,411 - INFO - Status - Voltage: 11.16V, Charging: None, Storage: 20.40GB
2025-07-04 16:31:12,415 - INFO - Status - Voltage: 11.16V, Charging: None, Storage: 20.39GB
2025-07-04 16:31:22,422 - INFO - Status - Voltage: 11.16V, Charging: None, Storage: 20.37GB
[0:00:59.865199089] [1128] [1;32m INFO [1;37mCamera [1;34mcamera_manager.cpp:326 [0mlibcamera v0.5.0+59-d83ff0a4
2025-07-04 16:31:33,416 - ERROR - Failed to initialize camera: list index out of range
Traceback (most recent call last):
  File "/home/raspberry/Jetscan/main.py", line 124, in <module>
    camera_thread()
  File "/home/raspberry/Jetscan/camera_module.py", line 231, in camera_thread
    controller = CameraController()
                 ^^^^^^^^^^^^^^^^^^
  File "/home/raspberry/Jetscan/camera_module.py", line 52, in __init__
    self.init_camera()
  File "/home/raspberry/Jetscan/camera_module.py", line 61, in init_camera
    self.camera = Picamera2()
                  ^^^^^^^^^^^
  File "/usr/lib/python3/dist-packages/picamera2/picamera2.py", line 281, in __init__
    camera_num = self.global_camera_info()[camera_num]['Num']
                 ~~~~~~~~~~~~~~~~~~~~~~~~~^^^^^^^^^^^^
IndexError: list index out of range
Bottle v0.12.23 server starting up (using WSGIRefServer())...
Listening on http://0.0.0.0:8080/
Hit Ctrl-C to quit.

[0:01:34.019343920] [1359] [1;32m INFO [1;37mCamera [1;34mcamera_manager.cpp:326 [0mlibcamera v0.5.0+59-d83ff0a4
2025-07-04 16:32:07,514 - ERROR - Failed to initialize camera: list index out of range
Traceback (most recent call last):
  File "/home/raspberry/Jetscan/main.py", line 124, in <module>
    camera_thread()
  File "/home/raspberry/Jetscan/camera_module.py", line 231, in camera_thread
    controller = CameraController()
                 ^^^^^^^^^^^^^^^^^^
  File "/home/raspberry/Jetscan/camera_module.py", line 52, in __init__
    self.init_camera()
  File "/home/raspberry/Jetscan/camera_module.py", line 61, in init_camera
    self.camera = Picamera2()
                  ^^^^^^^^^^^
  File "/usr/lib/python3/dist-packages/picamera2/picamera2.py", line 281, in __init__
    camera_num = self.global_camera_info()[camera_num]['Num']
                 ~~~~~~~~~~~~~~~~~~~~~~~~~^^^^^^^^^^^^
IndexError: list index out of range
10.42.0.20 - - [04/Jul/2025 16:32:14] "GET / HTTP/1.1" 200 28011
10.42.0.20 - - [04/Jul/2025 16:32:14] "GET / HTTP/1.1" 200 28011
10.42.0.20 - - [04/Jul/2025 16:32:14] "GET /api/status HTTP/1.1" 200 287
10.42.0.20 - - [04/Jul/2025 16:32:14] "GET /favicon.ico HTTP/1.1" 404 742
10.42.0.20 - - [04/Jul/2025 16:32:19] "GET /api/status HTTP/1.1" 200 287
10.42.0.20 - - [04/Jul/2025 16:32:24] "GET /api/status HTTP/1.1" 200 288
10.42.0.20 - - [04/Jul/2025 16:32:29] "GET /api/status HTTP/1.1" 200 288
10.42.0.20 - - [04/Jul/2025 16:32:33] "POST /set_pwm HTTP/1.1" 303 0
10.42.0.20 - - [04/Jul/2025 16:32:33] "GET / HTTP/1.1" 200 28010
10.42.0.20 - - [04/Jul/2025 16:32:34] "GET /api/status HTTP/1.1" 200 287
10.42.0.20 - - [04/Jul/2025 16:32:39] "GET /api/status HTTP/1.1" 200 287
10.42.0.20 - - [04/Jul/2025 16:32:39] "POST /set_pwm HTTP/1.1" 303 0
10.42.0.20 - - [04/Jul/2025 16:32:39] "GET / HTTP/1.1" 200 28011
10.42.0.20 - - [04/Jul/2025 16:32:44] "GET /api/status HTTP/1.1" 200 288
10.42.0.20 - - [04/Jul/2025 16:32:49] "GET /api/status HTTP/1.1" 200 287
10.42.0.20 - - [04/Jul/2025 16:32:54] "GET /api/status HTTP/1.1" 200 287
10.42.0.20 - - [04/Jul/2025 16:32:59] "GET /api/status HTTP/1.1" 200 288
10.42.0.20 - - [04/Jul/2025 16:33:00] "POST /set_pwm HTTP/1.1" 303 0
10.42.0.20 - - [04/Jul/2025 16:33:00] "GET / HTTP/1.1" 200 28009
10.42.0.20 - - [04/Jul/2025 16:33:04] "GET /api/status HTTP/1.1" 200 288
10.42.0.20 - - [04/Jul/2025 16:33:09] "GET /api/status HTTP/1.1" 200 287
10.42.0.20 - - [04/Jul/2025 16:33:14] "GET /api/status HTTP/1.1" 200 286
10.42.0.20 - - [04/Jul/2025 16:33:19] "GET /api/status HTTP/1.1" 200 287
10.42.0.20 - - [04/Jul/2025 16:33:24] "GET /api/status HTTP/1.1" 200 287
10.42.0.20 - - [04/Jul/2025 16:33:29] "GET /api/status HTTP/1.1" 200 288
10.42.0.20 - - [04/Jul/2025 16:33:34] "GET /api/status HTTP/1.1" 200 288
10.42.0.20 - - [04/Jul/2025 16:33:39] "GET /api/status HTTP/1.1" 200 289
10.42.0.20 - - [04/Jul/2025 16:33:44] "GET /api/status HTTP/1.1" 200 288
10.42.0.20 - - [04/Jul/2025 16:33:49] "GET /api/status HTTP/1.1" 200 289
10.42.0.20 - - [04/Jul/2025 16:33:54] "GET /api/status HTTP/1.1" 200 286
10.42.0.20 - - [04/Jul/2025 16:33:59] "GET /api/status HTTP/1.1" 200 289
10.42.0.20 - - [04/Jul/2025 16:34:04] "GET /api/status HTTP/1.1" 200 288
10.42.0.20 - - [04/Jul/2025 16:34:09] "GET /api/status HTTP/1.1" 200 288
10.42.0.20 - - [04/Jul/2025 16:34:14] "GET /api/status HTTP/1.1" 200 289
10.42.0.20 - - [04/Jul/2025 16:34:19] "GET /api/status HTTP/1.1" 200 288
10.42.0.20 - - [04/Jul/2025 16:34:24] "GET /api/status HTTP/1.1" 200 289
10.42.0.20 - - [04/Jul/2025 16:34:29] "GET /api/status HTTP/1.1" 200 289
10.42.0.20 - - [04/Jul/2025 16:34:34] "GET /api/status HTTP/1.1" 200 288
10.42.0.20 - - [04/Jul/2025 16:34:39] "GET /api/status HTTP/1.1" 200 289
10.42.0.20 - - [04/Jul/2025 16:34:44] "GET /api/status HTTP/1.1" 200 288
10.42.0.20 - - [04/Jul/2025 16:34:49] "GET /api/status HTTP/1.1" 200 289
10.42.0.20 - - [04/Jul/2025 16:34:54] "GET /api/status HTTP/1.1" 200 288
10.42.0.20 - - [04/Jul/2025 16:34:59] "GET /api/status HTTP/1.1" 200 288
10.42.0.20 - - [04/Jul/2025 16:35:04] "GET /api/status HTTP/1.1" 200 288
